C:\Users\Bryan\Desktop\GameStuff\Source\Debug\cl.command.1.tlog
C:\Users\Bryan\Desktop\GameStuff\Source\Debug\CL.read.1.tlog
C:\Users\Bryan\Desktop\GameStuff\Source\Debug\CL.write.1.tlog
C:\USERS\BRYAN\DESKTOP\GAMESTUFF\SOURCE\DEBUG\GAMECOLLAB.EXE
C:\USERS\BRYAN\DESKTOP\GAMESTUFF\SOURCE\DEBUG\GAMECOLLAB.EXE.INTERMEDIATE.MANIFEST
C:\USERS\BRYAN\DESKTOP\GAMESTUFF\SOURCE\DEBUG\GAMECOLLAB.ILK
C:\USERS\BRYAN\DESKTOP\GAMESTUFF\SOURCE\DEBUG\GAMECOLLAB.PDB
C:\USERS\BRYAN\DESKTOP\GAMESTUFF\SOURCE\DEBUG\GRID.OBJ
C:\USERS\BRYAN\DESKTOP\GAMESTUFF\SOURCE\DEBUG\IDPOINT.OBJ
C:\Users\Bryan\Desktop\GameStuff\Source\Debug\link.command.1.tlog
C:\Users\Bryan\Desktop\GameStuff\Source\Debug\link.read.1.tlog
C:\Users\Bryan\Desktop\GameStuff\Source\Debug\link.write.1.tlog
C:\USERS\BRYAN\DESKTOP\GAMESTUFF\SOURCE\DEBUG\MAIN.OBJ
C:\Users\Bryan\Desktop\GameStuff\Source\Debug\mt.command.1.tlog
C:\Users\Bryan\Desktop\GameStuff\Source\Debug\mt.read.1.tlog
C:\Users\Bryan\Desktop\GameStuff\Source\Debug\mt.write.1.tlog
C:\USERS\BRYAN\DESKTOP\GAMESTUFF\SOURCE\DEBUG\PLAYER.OBJ
C:\USERS\BRYAN\DESKTOP\GAMESTUFF\SOURCE\DEBUG\POINT.OBJ
C:\USERS\BRYAN\DESKTOP\GAMESTUFF\SOURCE\DEBUG\RENDER.OBJ
C:\USERS\BRYAN\DESKTOP\GAMESTUFF\SOURCE\DEBUG\SCREEN.OBJ
C:\USERS\BRYAN\DESKTOP\GAMESTUFF\SOURCE\DEBUG\TEXTURE.OBJ
C:\USERS\BRYAN\DESKTOP\GAMESTUFF\SOURCE\DEBUG\TEXTURELIST.OBJ
C:\USERS\BRYAN\DESKTOP\GAMESTUFF\SOURCE\DEBUG\TEXTURES.OBJ
C:\Users\Bryan\Desktop\GameStuff\Source\Debug\vc100.idb
C:\USERS\BRYAN\DESKTOP\GAMESTUFF\SOURCE\DEBUG\VC100.PDB
