Build started 2/28/2012 1:31:16 AM.
     1>Project "C:\Users\Bryan\Desktop\GameStuff\Source\GameCollab.vcxproj" on node 2 (build target(s)).
     1>InitializeBuildStatus:
         Creating "Debug\GameCollab.unsuccessfulbuild" because "AlwaysCreate" was specified.
       ClCompile:
         c:\Program Files (x86)\Microsoft Visual Studio 10.0\VC\bin\CL.exe /c /ZI /nologo /W3 /WX- /Od /Oy- /D _MBCS /Gm /EHsc /RTC1 /MDd /GS /fp:precise /Zc:wchar_t /Zc:forScope /Fo"Debug\\" /Fd"Debug\vc100.pdb" /Gd /TP /analyze- /errorReport:prompt Grid.cpp Items.cpp Render.cpp TextureList.cpp main.cpp
         main.cpp
         TextureList.cpp
         Items.cpp
         Generating Code...
         Skipping... (no relevant changes detected)
         Render.cpp
         Grid.cpp
       Link:
         c:\Program Files (x86)\Microsoft Visual Studio 10.0\VC\bin\link.exe /ERRORREPORT:PROMPT /OUT:"C:\Users\Bryan\Desktop\GameStuff\Source\Debug\GameCollab.exe" /NOLOGO SDL.lib SDLmain.lib opengl32.lib SDL_image.lib kernel32.lib user32.lib gdi32.lib winspool.lib comdlg32.lib advapi32.lib shell32.lib ole32.lib oleaut32.lib uuid.lib odbc32.lib odbccp32.lib /MANIFEST /ManifestFile:"Debug\GameCollab.exe.intermediate.manifest" /MANIFESTUAC:"level='asInvoker' uiAccess='false'" /DEBUG /PDB:"C:\Users\Bryan\Desktop\GameStuff\Source\Debug\GameCollab.pdb" /SUBSYSTEM:CONSOLE /TLBID:1 /DYNAMICBASE /NXCOMPAT /IMPLIB:"C:\Users\Bryan\Desktop\GameStuff\Source\Debug\GameCollab.lib" /MACHINE:X86 Debug\Events.obj
         Debug\Grid.obj
         Debug\Inventory.obj
         Debug\Items.obj
         Debug\main.obj
         Debug\Movement.obj
         Debug\Player.obj
         Debug\Render.obj
         Debug\Screen.obj
         Debug\TextureList.obj
         LINK : C:\Users\Bryan\Desktop\GameStuff\Source\Debug\GameCollab.exe not found or not built by the last incremental link; performing full link
     1>MSVCRTD.lib(cinitexe.obj) : warning LNK4098: defaultlib 'msvcrt.lib' conflicts with use of other libs; use /NODEFAULTLIB:library
         GameCollab.vcxproj -> C:\Users\Bryan\Desktop\GameStuff\Source\Debug\GameCollab.exe
       Manifest:
         C:\Program Files (x86)\Microsoft SDKs\Windows\v7.0A\bin\mt.exe /nologo /verbose /outputresource:"C:\Users\Bryan\Desktop\GameStuff\Source\Debug\GameCollab.exe;#1" /manifest Debug\GameCollab.exe.intermediate.manifest
       FinalizeBuildStatus:
         Deleting file "Debug\GameCollab.unsuccessfulbuild".
         Touching "Debug\GameCollab.lastbuildstate".
     1>Done Building Project "C:\Users\Bryan\Desktop\GameStuff\Source\GameCollab.vcxproj" (build target(s)).

Build succeeded.

Time Elapsed 00:00:02.24
